#
# There is insufficient memory for the Java Runtime Environment to continue.
# Native memory allocation (malloc) failed to allocate 858816 bytes for Chunk::new
# Possible reasons:
#   The system is out of physical RAM or swap space
#   In 32 bit mode, the process size limit was hit
# Possible solutions:
#   Reduce memory load on the system
#   Increase physical memory or swap space
#   Check if swap backing store is full
#   Use 64 bit Java on a 64 bit OS
#   Decrease Java heap size (-Xmx/-Xms)
#   Decrease number of Java threads
#   Decrease Java thread stack sizes (-Xss)
#   Set larger code cache with -XX:ReservedCodeCacheSize=
# This output file may be truncated or incomplete.
#
#  Out of Memory Error (allocation.cpp:390), pid=26444, tid=0x000000000000951c
#
# JRE version: OpenJDK Runtime Environment (8.0_112) (build 1.8.0_112-release-736)
# Java VM: OpenJDK 64-Bit Server VM (25.112-b736 mixed mode windows-amd64 compressed oops)
# Failed to write core dump. Minidumps are not enabled by default on client versions of Windows
#

---------------  T H R E A D  ---------------

Current thread (0x000000001a005000):  JavaThread "C2 CompilerThread1" daemon [_thread_in_native, id=38172, stack(0x000000001a6b0000,0x000000001a7b0000)]

Stack: [0x000000001a6b0000,0x000000001a7b0000]
[error occurred during error reporting (printing stack bounds), id 0xc0000005]

Native frames: (J=compiled Java code, j=interpreted, Vv=VM code, C=native code)


Current CompileTask:
C2: 567375 19526   !   4       com.android.dx.cf.code.BytecodeArray::parseInstruction (2764 bytes)


---------------  P R O C E S S  ---------------

Java Threads: ( => current thread )
  0x000000001f267800 JavaThread "ForkJoinPool.commonPool-worker-3" daemon [_thread_in_vm, id=27160, stack(0x0000000036370000,0x0000000036470000)]
  0x000000001f26c000 JavaThread "ForkJoinPool.commonPool-worker-2" daemon [_thread_in_Java, id=31692, stack(0x0000000036270000,0x0000000036370000)]
  0x000000001f26b000 JavaThread "ForkJoinPool.commonPool-worker-1" daemon [_thread_blocked, id=31516, stack(0x0000000036170000,0x0000000036270000)]
  0x000000001f268000 JavaThread "ForkJoinPool.commonPool-worker-0" daemon [_thread_in_native, id=1480, stack(0x0000000036070000,0x0000000036170000)]
  0x000000001f26a800 JavaThread "Worker Daemon Execution Thread 12" [_thread_blocked, id=16916, stack(0x0000000035f70000,0x0000000036070000)]
  0x000000001f26e000 JavaThread "Worker Daemon Execution Thread 11" [_thread_blocked, id=42796, stack(0x0000000035e70000,0x0000000035f70000)]
  0x000000001f269000 JavaThread "Worker Daemon Execution Thread 10" [_thread_blocked, id=42628, stack(0x0000000035d70000,0x0000000035e70000)]
  0x000000001f269800 JavaThread "Worker Daemon Execution Thread 9" [_thread_blocked, id=28072, stack(0x0000000035c70000,0x0000000035d70000)]
  0x000000001f0e4000 JavaThread "Worker Daemon Execution Thread 8" [_thread_blocked, id=6344, stack(0x0000000035b70000,0x0000000035c70000)]
  0x000000001f0e9800 JavaThread "Worker Daemon Execution Thread 7" [_thread_blocked, id=24088, stack(0x0000000035a70000,0x0000000035b70000)]
  0x000000001f0e8000 JavaThread "Worker Daemon Execution Thread 6" [_thread_blocked, id=33028, stack(0x0000000035970000,0x0000000035a70000)]
  0x000000001f0e7000 JavaThread "Worker Daemon Execution Thread 5" [_thread_blocked, id=40672, stack(0x0000000035870000,0x0000000035970000)]
  0x000000001f0e6800 JavaThread "Worker Daemon Execution Thread 4" [_thread_blocked, id=43388, stack(0x0000000035770000,0x0000000035870000)]
  0x000000001f0e5800 JavaThread "Worker Daemon Execution Thread 3" [_thread_blocked, id=39740, stack(0x0000000035670000,0x0000000035770000)]
  0x000000001fd1d000 JavaThread "Worker Daemon Execution Thread 2" [_thread_blocked, id=43900, stack(0x0000000035570000,0x0000000035670000)]
  0x000000001fd19800 JavaThread "Worker Daemon Execution" [_thread_blocked, id=1928, stack(0x0000000035470000,0x0000000035570000)]
  0x000000001fd18000 JavaThread "Cache worker for Java compile cache (D:\xxceshi\.gradle\4.1\javaCompile)" [_thread_blocked, id=42332, stack(0x0000000035370000,0x0000000035470000)]
  0x000000001fd1a000 JavaThread "Task worker for ':' Thread 3" [_thread_blocked, id=21704, stack(0x0000000035270000,0x0000000035370000)]
  0x000000001fd1b800 JavaThread "Task worker for ':' Thread 2" [_thread_blocked, id=5788, stack(0x0000000035170000,0x0000000035270000)]
  0x000000001fd1e000 JavaThread "Task worker for ':'" [_thread_blocked, id=9340, stack(0x0000000035070000,0x0000000035170000)]
  0x0000000020a09000 JavaThread "Cache worker for task history cache (D:\xxceshi\.gradle\4.1\taskHistory)" [_thread_blocked, id=32136, stack(0x0000000034f70000,0x0000000035070000)]
  0x0000000020a08800 JavaThread "Cache worker for file content cache (D:\xxceshi\.gradle\4.1\fileContent)" [_thread_blocked, id=22792, stack(0x0000000034e70000,0x0000000034f70000)]
  0x0000000020a05800 JavaThread "build operations Thread 4" [_thread_blocked, id=29664, stack(0x0000000034d70000,0x0000000034e70000)]
  0x0000000020a07800 JavaThread "build operations Thread 3" [_thread_blocked, id=13448, stack(0x0000000034c70000,0x0000000034d70000)]
  0x0000000020a06000 JavaThread "build operations Thread 2" [_thread_blocked, id=30544, stack(0x0000000034b70000,0x0000000034c70000)]
  0x00000000209fd000 JavaThread "build operations" [_thread_blocked, id=41600, stack(0x0000000034a70000,0x0000000034b70000)]
  0x0000000020a03000 JavaThread "Cache worker for Artifact transforms cache (C:\Users\53kf\.gradle\caches\transforms-1)" [_thread_blocked, id=13592, stack(0x0000000034970000,0x0000000034a70000)]
  0x00000000209fe000 JavaThread "Cache worker for file hash cache (D:\xxceshi\.gradle\4.1\fileHashes)" [_thread_blocked, id=45248, stack(0x0000000034870000,0x0000000034970000)]
  0x00000000209fb800 JavaThread "Stdin handler" [_thread_blocked, id=42908, stack(0x0000000034770000,0x0000000034870000)]
  0x00000000209fb000 JavaThread "Asynchronous log dispatcher for DefaultDaemonConnection: socket connection from /127.0.0.1:56452 to /127.0.0.1:59518" [_thread_blocked, id=26480, stack(0x0000000034670000,0x0000000034770000)]
  0x00000000209fc800 JavaThread "Cancel handler" [_thread_blocked, id=9808, stack(0x0000000034570000,0x0000000034670000)]
  0x0000000020a01800 JavaThread "Handler for socket connection from /127.0.0.1:56452 to /127.0.0.1:59518" [_thread_in_native, id=8840, stack(0x0000000034470000,0x0000000034570000)]
  0x00000000209fa000 JavaThread "Daemon worker Thread 3" [_thread_blocked, id=31268, stack(0x0000000032170000,0x0000000032270000)]
  0x00000000209ff800 JavaThread "Daemon Thread 3" [_thread_blocked, id=29008, stack(0x0000000031e70000,0x0000000031f70000)]
  0x000000001fd12800 JavaThread "Memory manager" [_thread_blocked, id=33416, stack(0x0000000023400000,0x0000000023500000)]
  0x000000001fd14000 JavaThread "pool-1-thread-1" [_thread_blocked, id=34584, stack(0x0000000022f00000,0x0000000023000000)]
  0x000000001a117800 JavaThread "File lock request listener" [_thread_in_native, id=25960, stack(0x000000001d610000,0x000000001d710000)]
  0x000000001a3a7800 JavaThread "Cache worker for file hash cache (C:\Users\53kf\.gradle\caches\4.1\fileHashes)" [_thread_blocked, id=13056, stack(0x000000001d310000,0x000000001d410000)]
  0x000000001b870000 JavaThread "Daemon periodic checks" [_thread_blocked, id=35892, stack(0x000000001ca10000,0x000000001cb10000)]
  0x000000001b7f2000 JavaThread "Incoming local TCP Connector on port 56452" [_thread_in_native, id=42392, stack(0x000000001c580000,0x000000001c680000)]
  0x000000001a00e800 JavaThread "Service Thread" daemon [_thread_blocked, id=7696, stack(0x000000001a8b0000,0x000000001a9b0000)]
  0x000000001a008000 JavaThread "C1 CompilerThread2" daemon [_thread_blocked, id=19872, stack(0x000000001a7b0000,0x000000001a8b0000)]
=>0x000000001a005000 JavaThread "C2 CompilerThread1" daemon [_thread_in_native, id=38172, stack(0x000000001a6b0000,0x000000001a7b0000)]
  0x0000000018ca8000 JavaThread "C2 CompilerThread0" daemon [_thread_in_native, id=45344, stack(0x000000001a5b0000,0x000000001a6b0000)]
  0x0000000018ca7000 JavaThread "Attach Listener" daemon [_thread_blocked, id=16680, stack(0x000000001a4b0000,0x000000001a5b0000)]
  0x0000000018c5c800 JavaThread "Signal Dispatcher" daemon [_thread_blocked, id=6556, stack(0x000000001a3b0000,0x000000001a4b0000)]
  0x0000000018c38800 JavaThread "Finalizer" daemon [_thread_blocked, id=43676, stack(0x0000000019eb0000,0x0000000019fb0000)]
  0x0000000018c17000 JavaThread "Reference Handler" daemon [_thread_blocked, id=17948, stack(0x0000000019db0000,0x0000000019eb0000)]
  0x00000000051e0800 JavaThread "main" [_thread_blocked, id=30056, stack(0x0000000005050000,0x0000000005150000)]

Other Threads:
  0x0000000018c15800 VMThread [stack: 0x0000000019cb0000,0x0000000019db0000] [id=45888]
  0x000000001a010000 WatcherThread [stack: 0x000000001a9b0000,0x000000001aab0000] [id=39468]

VM state:not at safepoint (normal execution)

VM Mutex/Monitor currently owned by a thread: None

Heap:
 PSYoungGen      total 450048K, used 201205K [0x00000000e0000000, 0x00000000ffc00000, 0x0000000100000000)
  eden space 386048K, 48% used [0x00000000e0000000,0x00000000eb614688,0x00000000f7900000)
  from space 64000K, 23% used [0x00000000f7900000,0x00000000f8768e88,0x00000000fb780000)
  to   space 60416K, 0% used [0x00000000fc100000,0x00000000fc100000,0x00000000ffc00000)
 ParOldGen       total 340992K, used 64972K [0x00000000a0000000, 0x00000000b4d00000, 0x00000000e0000000)
  object space 340992K, 19% used [0x00000000a0000000,0x00000000a3f73380,0x00000000b4d00000)
 Metaspace       used 79385K, capacity 83950K, committed 84224K, reserved 1122304K
  class space    used 10155K, capacity 11210K, committed 11264K, reserved 1048576K

Card table byte_map: [0x00000000146a0000,0x00000000149b0000] byte_map_base: 0x00000000141a0000

Marking Bits: (ParMarkBitMap*) 0x00000000640ff8f0
 Begin Bits: [0x0000000014fb0000, 0x00000000167b0000)
 End Bits:   [0x00000000167b0000, 0x0000000017fb0000)

Polling page: 0x0000000003160000

CodeCache: size=245760Kb used=54849Kb max_used=55080Kb free=190910Kb
 bounds [0x00000000052e0000, 0x0000000008910000, 0x00000000142e0000]
 total_blobs=16210 nmethods=15379 adapters=742
 compilation: enabled

Compilation events (10 events):
Event: 567.131 Thread 0x000000001a005000 nmethod 19520 0x0000000007f84290 code [0x0000000007f843c0, 0x0000000007f84438]
Event: 567.133 Thread 0x000000001a005000 19526   !   4       com.android.dx.cf.code.BytecodeArray::parseInstruction (2764 bytes)
Event: 567.147 Thread 0x0000000018ca8000 nmethod 19515 0x00000000074e7450 code [0x00000000074e7620, 0x00000000074e8488]
Event: 567.149 Thread 0x0000000018ca8000 19522   !   4       com.android.dx.cf.code.Ropper::processBlock (1101 bytes)
Event: 567.198 Thread 0x000000001a008000 19533       3       com.android.dx.dex.file.DebugInfoEncoder::emitAdvancePc (82 bytes)
Event: 567.200 Thread 0x000000001a008000 nmethod 19533 0x00000000088d4050 code [0x00000000088d42e0, 0x00000000088d5608]
Event: 567.202 Thread 0x000000001a008000 19534       3       com.android.dx.dex.file.MethodAnnotationStruct::compareTo (9 bytes)
Event: 567.202 Thread 0x000000001a008000 nmethod 19534 0x00000000067b0950 code [0x00000000067b0ac0, 0x00000000067b0ea8]
Event: 567.204 Thread 0x000000001a008000 19535       3       com.android.dx.dex.file.MethodAnnotationStruct::compareTo (12 bytes)
Event: 567.205 Thread 0x000000001a008000 nmethod 19535 0x00000000088cf0d0 code [0x00000000088cf2a0, 0x00000000088cfc48]

GC Heap History (10 events):
Event: 477.103 GC heap before
{Heap before GC invocations=27 (full 4):
 PSYoungGen      total 453632K, used 114782K [0x00000000e0000000, 0x00000000fff00000, 0x0000000100000000)
  eden space 386048K, 29% used [0x00000000e0000000,0x00000000e6f52ea0,0x00000000f7900000)
  from space 67584K, 1% used [0x00000000fbd00000,0x00000000fbdc4c18,0x00000000fff00000)
  to   space 68608K, 0% used [0x00000000f7900000,0x00000000f7900000,0x00000000fbc00000)
 ParOldGen       total 340992K, used 230174K [0x00000000a0000000, 0x00000000b4d00000, 0x00000000e0000000)
  object space 340992K, 67% used [0x00000000a0000000,0x00000000ae0c7930,0x00000000b4d00000)
 Metaspace       used 77805K, capacity 81632K, committed 81920K, reserved 1120256K
  class space    used 10019K, capacity 10925K, committed 11008K, reserved 1048576K
Event: 477.128 GC heap after
Heap after GC invocations=27 (full 4):
 PSYoungGen      total 390656K, used 4295K [0x00000000e0000000, 0x00000000ffc00000, 0x0000000100000000)
  eden space 386048K, 0% used [0x00000000e0000000,0x00000000e0000000,0x00000000f7900000)
  from space 4608K, 93% used [0x00000000f7900000,0x00000000f7d31d48,0x00000000f7d80000)
  to   space 67072K, 0% used [0x00000000fba80000,0x00000000fba80000,0x00000000ffc00000)
 ParOldGen       total 340992K, used 230521K [0x00000000a0000000, 0x00000000b4d00000, 0x00000000e0000000)
  object space 340992K, 67% used [0x00000000a0000000,0x00000000ae11e6d8,0x00000000b4d00000)
 Metaspace       used 77805K, capacity 81632K, committed 81920K, reserved 1120256K
  class space    used 10019K, capacity 10925K, committed 11008K, reserved 1048576K
}
Event: 477.128 GC heap before
{Heap before GC invocations=28 (full 5):
 PSYoungGen      total 390656K, used 4295K [0x00000000e0000000, 0x00000000ffc00000, 0x0000000100000000)
  eden space 386048K, 0% used [0x00000000e0000000,0x00000000e0000000,0x00000000f7900000)
  from space 4608K, 93% used [0x00000000f7900000,0x00000000f7d31d48,0x00000000f7d80000)
  to   space 67072K, 0% used [0x00000000fba80000,0x00000000fba80000,0x00000000ffc00000)
 ParOldGen       total 340992K, used 230521K [0x00000000a0000000, 0x00000000b4d00000, 0x00000000e0000000)
  object space 340992K, 67% used [0x00000000a0000000,0x00000000ae11e6d8,0x00000000b4d00000)
 Metaspace       used 77805K, capacity 81632K, committed 81920K, reserved 1120256K
  class space    used 10019K, capacity 10925K, committed 11008K, reserved 1048576K
Event: 478.387 GC heap after
Heap after GC invocations=28 (full 5):
 PSYoungGen      total 390656K, used 0K [0x00000000e0000000, 0x00000000ffc00000, 0x0000000100000000)
  eden space 386048K, 0% used [0x00000000e0000000,0x00000000e0000000,0x00000000f7900000)
  from space 4608K, 0% used [0x00000000f7900000,0x00000000f7900000,0x00000000f7d80000)
  to   space 67072K, 0% used [0x00000000fba80000,0x00000000fba80000,0x00000000ffc00000)
 ParOldGen       total 340992K, used 64944K [0x00000000a0000000, 0x00000000b4d00000, 0x00000000e0000000)
  object space 340992K, 19% used [0x00000000a0000000,0x00000000a3f6c1a0,0x00000000b4d00000)
 Metaspace       used 77805K, capacity 81632K, committed 81920K, reserved 1120256K
  class space    used 10019K, capacity 10925K, committed 11008K, reserved 1048576K
}
Event: 522.520 GC heap before
{Heap before GC invocations=29 (full 5):
 PSYoungGen      total 390656K, used 231366K [0x00000000e0000000, 0x00000000ffc00000, 0x0000000100000000)
  eden space 386048K, 59% used [0x00000000e0000000,0x00000000ee1f1990,0x00000000f7900000)
  from space 4608K, 0% used [0x00000000f7900000,0x00000000f7900000,0x00000000f7d80000)
  to   space 67072K, 0% used [0x00000000fba80000,0x00000000fba80000,0x00000000ffc00000)
 ParOldGen       total 340992K, used 64944K [0x00000000a0000000, 0x00000000b4d00000, 0x00000000e0000000)
  object space 340992K, 19% used [0x00000000a0000000,0x00000000a3f6c1a0,0x00000000b4d00000)
 Metaspace       used 78327K, capacity 82496K, committed 82816K, reserved 1120256K
  class space    used 10059K, capacity 11015K, committed 11136K, reserved 1048576K
Event: 522.551 GC heap after
Heap after GC invocations=29 (full 5):
 PSYoungGen      total 446976K, used 12435K [0x00000000e0000000, 0x00000000ff600000, 0x0000000100000000)
  eden space 386048K, 0% used [0x00000000e0000000,0x00000000e0000000,0x00000000f7900000)
  from space 60928K, 20% used [0x00000000fba80000,0x00000000fc6a4e68,0x00000000ff600000)
  to   space 64000K, 0% used [0x00000000f7900000,0x00000000f7900000,0x00000000fb780000)
 ParOldGen       total 340992K, used 64952K [0x00000000a0000000, 0x00000000b4d00000, 0x00000000e0000000)
  object space 340992K, 19% used [0x00000000a0000000,0x00000000a3f6e1a0,0x00000000b4d00000)
 Metaspace       used 78327K, capacity 82496K, committed 82816K, reserved 1120256K
  class space    used 10059K, capacity 11015K, committed 11136K, reserved 1048576K
}
Event: 522.551 GC heap before
{Heap before GC invocations=30 (full 6):
 PSYoungGen      total 446976K, used 12435K [0x00000000e0000000, 0x00000000ff600000, 0x0000000100000000)
  eden space 386048K, 0% used [0x00000000e0000000,0x00000000e0000000,0x00000000f7900000)
  from space 60928K, 20% used [0x00000000fba80000,0x00000000fc6a4e68,0x00000000ff600000)
  to   space 64000K, 0% used [0x00000000f7900000,0x00000000f7900000,0x00000000fb780000)
 ParOldGen       total 340992K, used 64952K [0x00000000a0000000, 0x00000000b4d00000, 0x00000000e0000000)
  object space 340992K, 19% used [0x00000000a0000000,0x00000000a3f6e1a0,0x00000000b4d00000)
 Metaspace       used 78327K, capacity 82496K, committed 82816K, reserved 1120256K
  class space    used 10059K, capacity 11015K, committed 11136K, reserved 1048576K
Event: 523.258 GC heap after
Heap after GC invocations=30 (full 6):
 PSYoungGen      total 446976K, used 0K [0x00000000e0000000, 0x00000000ff600000, 0x0000000100000000)
  eden space 386048K, 0% used [0x00000000e0000000,0x00000000e0000000,0x00000000f7900000)
  from space 60928K, 0% used [0x00000000fba80000,0x00000000fba80000,0x00000000ff600000)
  to   space 64000K, 0% used [0x00000000f7900000,0x00000000f7900000,0x00000000fb780000)
 ParOldGen       total 340992K, used 64964K [0x00000000a0000000, 0x00000000b4d00000, 0x00000000e0000000)
  object space 340992K, 19% used [0x00000000a0000000,0x00000000a3f71380,0x00000000b4d00000)
 Metaspace       used 78327K, capacity 82496K, committed 82816K, reserved 1120256K
  class space    used 10059K, capacity 11015K, committed 11136K, reserved 1048576K
}
Event: 565.752 GC heap before
{Heap before GC invocations=31 (full 6):
 PSYoungGen      total 446976K, used 386048K [0x00000000e0000000, 0x00000000ff600000, 0x0000000100000000)
  eden space 386048K, 100% used [0x00000000e0000000,0x00000000f7900000,0x00000000f7900000)
  from space 60928K, 0% used [0x00000000fba80000,0x00000000fba80000,0x00000000ff600000)
  to   space 64000K, 0% used [0x00000000f7900000,0x00000000f7900000,0x00000000fb780000)
 ParOldGen       total 340992K, used 64964K [0x00000000a0000000, 0x00000000b4d00000, 0x00000000e0000000)
  object space 340992K, 19% used [0x00000000a0000000,0x00000000a3f71380,0x00000000b4d00000)
 Metaspace       used 79327K, capacity 83906K, committed 84224K, reserved 1122304K
  class space    used 10147K, capacity 11200K, committed 11264K, reserved 1048576K
Event: 565.784 GC heap after
Heap after GC invocations=31 (full 6):
 PSYoungGen      total 450048K, used 14755K [0x00000000e0000000, 0x00000000ffc00000, 0x0000000100000000)
  eden space 386048K, 0% used [0x00000000e0000000,0x00000000e0000000,0x00000000f7900000)
  from space 64000K, 23% used [0x00000000f7900000,0x00000000f8768e88,0x00000000fb780000)
  to   space 60416K, 0% used [0x00000000fc100000,0x00000000fc100000,0x00000000ffc00000)
 ParOldGen       total 340992K, used 64972K [0x00000000a0000000, 0x00000000b4d00000, 0x00000000e0000000)
  object space 340992K, 19% used [0x00000000a0000000,0x00000000a3f73380,0x00000000b4d00000)
 Metaspace       used 79327K, capacity 83906K, committed 84224K, reserved 1122304K
  class space    used 10147K, capacity 11200K, committed 11264K, reserved 1048576K
}

Deoptimization events (10 events):
Event: 565.946 Thread 0x000000001f268000 Uncommon trap: reason=speculate_class_check action=maybe_recompile pc=0x0000000007aeffec method=com.google.common.hash.AbstractByteHasher.putBytes([BII)Lcom/google/common/hash/Hasher; @ 13
Event: 565.946 Thread 0x000000001f268000 Uncommon trap: reason=class_check action=maybe_recompile pc=0x00000000056b9bb0 method=com.google.common.hash.Funnels$SinkAsStream.write([BII)V @ 7
Event: 565.946 Thread 0x000000001f268000 Uncommon trap: reason=speculate_class_check action=maybe_recompile pc=0x0000000007aeffec method=com.google.common.hash.AbstractByteHasher.putBytes([BII)Lcom/google/common/hash/Hasher; @ 13
Event: 565.946 Thread 0x000000001f268000 Uncommon trap: reason=class_check action=maybe_recompile pc=0x00000000056b9bb0 method=com.google.common.hash.Funnels$SinkAsStream.write([BII)V @ 7
Event: 565.946 Thread 0x000000001f268000 Uncommon trap: reason=speculate_class_check action=maybe_recompile pc=0x0000000007aeffec method=com.google.common.hash.AbstractByteHasher.putBytes([BII)Lcom/google/common/hash/Hasher; @ 13
Event: 565.965 Thread 0x000000001f267800 Uncommon trap: reason=unstable_if action=reinterpret pc=0x00000000083693ac method=java.io.ExpiringCache.put(Ljava/lang/String;Ljava/lang/String;)V @ 29
Event: 565.965 Thread 0x000000001f268000 Uncommon trap: reason=unstable_if action=reinterpret pc=0x00000000083693ac method=java.io.ExpiringCache.put(Ljava/lang/String;Ljava/lang/String;)V @ 29
Event: 566.023 Thread 0x000000001f26c000 Uncommon trap: reason=unstable_if action=reinterpret pc=0x00000000084dc94c method=java.util.concurrent.ConcurrentHashMap.replaceNode(Ljava/lang/Object;Ljava/lang/Object;Ljava/lang/Object;)Ljava/lang/Object; @ 136
Event: 566.261 Thread 0x000000001f26b000 Uncommon trap: reason=bimorphic action=maybe_recompile pc=0x000000000773d4a0 method=java.util.stream.StreamSpliterators$AbstractWrappingSpliterator.doAdvance()Z @ 37
Event: 566.461 Thread 0x000000001f268000 Uncommon trap: reason=unstable_if action=reinterpret pc=0x000000000585b970 method=sun.nio.fs.WindowsPathParser.isLetter(C)Z @ 15

Internal exceptions (10 events):
Event: 566.637 Thread 0x000000001f26c000 Exception <a 'sun/nio/fs/WindowsException'> (0x00000000e735d438) thrown at [D:\src\AOSP-openjdk-cygwin\jdk8u\hotspot\src\share\vm\prims\jni.cpp, line 709]
Event: 566.638 Thread 0x000000001f268000 Exception <a 'sun/nio/fs/WindowsException'> (0x00000000e73ae9a0) thrown at [D:\src\AOSP-openjdk-cygwin\jdk8u\hotspot\src\share\vm\prims\jni.cpp, line 709]
Event: 566.686 Thread 0x000000001f26c000 Exception <a 'sun/nio/fs/WindowsException'> (0x00000000e7d08060) thrown at [D:\src\AOSP-openjdk-cygwin\jdk8u\hotspot\src\share\vm\prims\jni.cpp, line 709]
Event: 566.998 Thread 0x000000001f26c000 Exception <a 'sun/nio/fs/WindowsException'> (0x00000000e7d08670) thrown at [D:\src\AOSP-openjdk-cygwin\jdk8u\hotspot\src\share\vm\prims\jni.cpp, line 709]
Event: 567.001 Thread 0x000000001f268000 Exception <a 'sun/nio/fs/WindowsException'> (0x00000000e73d4e98) thrown at [D:\src\AOSP-openjdk-cygwin\jdk8u\hotspot\src\share\vm\prims\jni.cpp, line 709]
Event: 567.036 Thread 0x000000001f268000 Exception <a 'sun/nio/fs/WindowsException'> (0x00000000e73d54a8) thrown at [D:\src\AOSP-openjdk-cygwin\jdk8u\hotspot\src\share\vm\prims\jni.cpp, line 709]
Event: 567.046 Thread 0x000000001f26c000 Exception <a 'sun/nio/fs/WindowsException'> (0x00000000e963c768) thrown at [D:\src\AOSP-openjdk-cygwin\jdk8u\hotspot\src\share\vm\prims\jni.cpp, line 709]
Event: 567.063 Thread 0x000000001f26c000 Exception <a 'sun/nio/fs/WindowsException'> (0x00000000e963cd78) thrown at [D:\src\AOSP-openjdk-cygwin\jdk8u\hotspot\src\share\vm\prims\jni.cpp, line 709]
Event: 567.096 Thread 0x000000001f268000 Exception <a 'sun/nio/fs/WindowsException'> (0x00000000ea2a9c38) thrown at [D:\src\AOSP-openjdk-cygwin\jdk8u\hotspot\src\share\vm\prims\jni.cpp, line 709]
Event: 567.245 Thread 0x000000001f267800 Exception <a 'java/lang/OutOfMemoryError'> (0x00000000eb5bcc78) thrown at [D:\src\AOSP-openjdk-cygwin\jdk8u\hotspot\src\share\vm\prims\jni.cpp, line 735]

Events (10 events):
Event: 567.130 Thread 0x000000001a005000 flushing nmethod 0x00000000072d8610
Event: 567.130 Thread 0x000000001a005000 flushing nmethod 0x00000000072ea890
Event: 567.130 Thread 0x000000001a005000 flushing nmethod 0x00000000072ed1d0
Event: 567.130 Thread 0x000000001a005000 flushing nmethod 0x00000000073d5990
Event: 567.131 Thread 0x000000001a005000 flushing nmethod 0x00000000074e70d0
Event: 567.148 Thread 0x0000000018ca8000 flushing nmethod 0x00000000079c7510
Event: 567.201 Thread 0x000000001a008000 flushing nmethod 0x0000000007da2250
Event: 567.202 Thread 0x000000001a008000 flushing nmethod 0x0000000007f19810
Event: 567.204 loading class com/android/dx/cf/attrib/AttDeprecated
Event: 567.204 loading class com/android/dx/cf/attrib/AttDeprecated done


Dynamic libraries:
0x00007ff7514e0000 - 0x00007ff751511000 	D:\androidone\android-studio\jre\bin\java.exe
0x00007ffca5ee0000 - 0x00007ffca60c0000 	C:\WINDOWS\SYSTEM32\ntdll.dll
0x00007ffca4f40000 - 0x00007ffca4fee000 	C:\WINDOWS\System32\KERNEL32.DLL
0x00007ffca26f0000 - 0x00007ffca2956000 	C:\WINDOWS\System32\KERNELBASE.dll
0x00007ffca33b0000 - 0x00007ffca3451000 	C:\WINDOWS\System32\ADVAPI32.dll
0x00007ffca48c0000 - 0x00007ffca495d000 	C:\WINDOWS\System32\msvcrt.dll
0x00007ffca5e50000 - 0x00007ffca5eab000 	C:\WINDOWS\System32\sechost.dll
0x00007ffca5ba0000 - 0x00007ffca5cbf000 	C:\WINDOWS\System32\RPCRT4.dll
0x00007ffca5cc0000 - 0x00007ffca5e4e000 	C:\WINDOWS\System32\USER32.dll
0x00007ffca2960000 - 0x00007ffca2980000 	C:\WINDOWS\System32\win32u.dll
0x00007ffca5590000 - 0x00007ffca55b8000 	C:\WINDOWS\System32\GDI32.dll
0x00007ffca2550000 - 0x00007ffca26e1000 	C:\WINDOWS\System32\gdi32full.dll
0x00007ffca22e0000 - 0x00007ffca237b000 	C:\WINDOWS\System32\msvcp_win.dll
0x00007ffca2a00000 - 0x00007ffca2af6000 	C:\WINDOWS\System32\ucrtbase.dll
0x00007ffc90610000 - 0x00007ffc90879000 	C:\WINDOWS\WinSxS\amd64_microsoft.windows.common-controls_6595b64144ccf1df_6.0.16299.15_none_cc92fb402215d91d\COMCTL32.dll
0x00007ffca4bd0000 - 0x00007ffca4ed8000 	C:\WINDOWS\System32\combase.dll
0x00007ffca2980000 - 0x00007ffca29f2000 	C:\WINDOWS\System32\bcryptPrimitives.dll
0x00007ffca5b70000 - 0x00007ffca5b9d000 	C:\WINDOWS\System32\IMM32.DLL
0x0000000064670000 - 0x0000000064742000 	D:\androidone\android-studio\jre\jre\bin\msvcr100.dll
0x0000000063940000 - 0x000000006417a000 	D:\androidone\android-studio\jre\jre\bin\server\jvm.dll
0x00007ffca5410000 - 0x00007ffca5418000 	C:\WINDOWS\System32\PSAPI.DLL
0x00007ffc92170000 - 0x00007ffc92179000 	C:\WINDOWS\SYSTEM32\WSOCK32.dll
0x00007ffca5100000 - 0x00007ffca516c000 	C:\WINDOWS\System32\WS2_32.dll
0x00007ffc9eba0000 - 0x00007ffc9ebc3000 	C:\WINDOWS\SYSTEM32\WINMM.dll
0x00007ffca1040000 - 0x00007ffca104a000 	C:\WINDOWS\SYSTEM32\VERSION.dll
0x00007ffc9eb40000 - 0x00007ffc9eb6a000 	C:\WINDOWS\SYSTEM32\WINMMBASE.dll
0x00007ffca32b0000 - 0x00007ffca32fa000 	C:\WINDOWS\System32\cfgmgr32.dll
0x00007ffca1010000 - 0x00007ffca101f000 	D:\androidone\android-studio\jre\jre\bin\verify.dll
0x00007ffc89780000 - 0x00007ffc897a9000 	D:\androidone\android-studio\jre\jre\bin\java.dll
0x00007ffca0ff0000 - 0x00007ffca1006000 	D:\androidone\android-studio\jre\jre\bin\zip.dll
0x00007ffca3460000 - 0x00007ffca4897000 	C:\WINDOWS\System32\SHELL32.dll
0x00007ffca55d0000 - 0x00007ffca5676000 	C:\WINDOWS\System32\shcore.dll
0x00007ffca2b60000 - 0x00007ffca32a7000 	C:\WINDOWS\System32\windows.storage.dll
0x00007ffca4b10000 - 0x00007ffca4b61000 	C:\WINDOWS\System32\shlwapi.dll
0x00007ffca22a0000 - 0x00007ffca22b1000 	C:\WINDOWS\System32\kernel.appcore.dll
0x00007ffca2250000 - 0x00007ffca229c000 	C:\WINDOWS\System32\powrprof.dll
0x00007ffca2230000 - 0x00007ffca224b000 	C:\WINDOWS\System32\profapi.dll
0x00007ffc9cd60000 - 0x00007ffc9cd7a000 	D:\androidone\android-studio\jre\jre\bin\net.dll
0x00007ffca1ac0000 - 0x00007ffca1b26000 	C:\WINDOWS\system32\mswsock.dll
0x00007ffc8f6b0000 - 0x00007ffc8f6c1000 	D:\androidone\android-studio\jre\jre\bin\nio.dll
0x00007ffc876b0000 - 0x00007ffc876ce000 	C:\Users\53kf\.gradle\native\25\windows-amd64\native-platform.dll
0x00007ffc9d8c0000 - 0x00007ffc9d8cd000 	D:\androidone\android-studio\jre\jre\bin\management.dll
0x00007ffca1c90000 - 0x00007ffca1ca7000 	C:\WINDOWS\SYSTEM32\CRYPTSP.dll
0x00007ffca16d0000 - 0x00007ffca1703000 	C:\WINDOWS\system32\rsaenh.dll
0x00007ffca1d90000 - 0x00007ffca1db5000 	C:\WINDOWS\SYSTEM32\bcrypt.dll
0x00007ffca2160000 - 0x00007ffca2189000 	C:\WINDOWS\SYSTEM32\USERENV.dll
0x00007ffca1c80000 - 0x00007ffca1c8b000 	C:\WINDOWS\SYSTEM32\CRYPTBASE.dll
0x00007ffca1850000 - 0x00007ffca1889000 	C:\WINDOWS\SYSTEM32\IPHLPAPI.DLL
0x00007ffca4960000 - 0x00007ffca4968000 	C:\WINDOWS\System32\NSI.dll
0x00007ffc99df0000 - 0x00007ffc99e06000 	C:\WINDOWS\SYSTEM32\dhcpcsvc6.DLL
0x00007ffc98070000 - 0x00007ffc9808a000 	C:\WINDOWS\SYSTEM32\dhcpcsvc.DLL
0x0000000064940000 - 0x00000000649c7000 	C:\Users\53kf\AppData\Local\Temp\aapt2_2466140341149316192.dir\libwinpthread-1.dll
0x000000006d040000 - 0x0000000070923000 	C:\Users\53kf\AppData\Local\Temp\aapt2_2466140341149316192.dir\libaapt2_jni.dll
0x00007ffca1370000 - 0x00007ffca13a1000 	C:\WINDOWS\SYSTEM32\ntmarta.dll

VM Arguments:
jvm_args: -Xmx1536m -Dfile.encoding=GBK -Duser.country=CN -Duser.language=zh -Duser.variant 
java_command: org.gradle.launcher.daemon.bootstrap.GradleDaemon 4.1
java_class_path (initial): C:\Users\53kf\.gradle\wrapper\dists\gradle-4.1-all\bzyivzo6n839fup2jbap0tjew\gradle-4.1\lib\gradle-launcher-4.1.jar
Launcher Type: SUN_STANDARD

Environment Variables:
JAVA_HOME=D:\Java
PATH=C:\ProgramData\Oracle\Java\javapath;C:\Program Files (x86)\Intel\iCLS Client\;C:\Program Files\Intel\iCLS Client\;C:\WINDOWS\system32;C:\WINDOWS;C:\WINDOWS\System32\Wbem;C:\WINDOWS\System32\WindowsPowerShell\v1.0\;C:\Program Files (x86)\Intel\Intel(R) Management Engine Components\DAL;C:\Program Files\Intel\Intel(R) Management Engine Components\DAL;C:\Program Files (x86)\Intel\Intel(R) Management Engine Components\IPT;C:\Program Files\Intel\Intel(R) Management Engine Components\IPT;C:\Program Files (x86)\ATI Technologies\ATI.ACE\Core-Static;C:\Program Files\Intel\WiFi\bin\;C:\Program Files\Common Files\Intel\WirelessCommon\;D:\Java\jdk1.8.0_31\bin;C:\Users\53kf\adb;C:\Users\53kf\AppData\Local\Microsoft\WindowsApps;
USERNAME=53kf
OS=Windows_NT
PROCESSOR_IDENTIFIER=Intel64 Family 6 Model 61 Stepping 4, GenuineIntel



---------------  S Y S T E M  ---------------

OS: Windows 10.0 , 64 bit Build 16299 (10.0.16299.15)

CPU:total 4 (2 cores per cpu, 2 threads per core) family 6 model 61 stepping 4, cmov, cx8, fxsr, mmx, sse, sse2, sse3, ssse3, sse4.1, sse4.2, popcnt, avx, avx2, aes, clmul, erms, 3dnowpref, lzcnt, ht, tsc, tscinvbit, bmi1, bmi2, adx

Memory: 4k page, physical 12498144k(384352k free), swap 19557680k(1548k free)

vm_info: OpenJDK 64-Bit Server VM (25.112-b736) for windows-amd64 JRE (1.8.0_112-release-736), built on Mar  6 2017 17:02:07 by "builder" with MS VC++ 10.0 (VS2010)

time: Fri Jan 19 15:15:56 2018
elapsed time: 567 seconds (0d 0h 9m 27s)

