#
# There is insufficient memory for the Java Runtime Environment to continue.
# Native memory allocation (malloc) failed to allocate 32744 bytes for ChunkPool::allocate
# Possible reasons:
#   The system is out of physical RAM or swap space
#   In 32 bit mode, the process size limit was hit
# Possible solutions:
#   Reduce memory load on the system
#   Increase physical memory or swap space
#   Check if swap backing store is full
#   Use 64 bit Java on a 64 bit OS
#   Decrease Java heap size (-Xmx/-Xms)
#   Decrease number of Java threads
#   Decrease Java thread stack sizes (-Xss)
#   Set larger code cache with -XX:ReservedCodeCacheSize=
# This output file may be truncated or incomplete.
#
#  Out of Memory Error (allocation.cpp:273), pid=24376, tid=0x0000000000009478
#
# JRE version: OpenJDK Runtime Environment (8.0_112) (build 1.8.0_112-release-736)
# Java VM: OpenJDK 64-Bit Server VM (25.112-b736 mixed mode windows-amd64 compressed oops)
# Failed to write core dump. Minidumps are not enabled by default on client versions of Windows
#

---------------  T H R E A D  ---------------

Current thread (0x0000000018cf8000):  JavaThread "C2 CompilerThread0" daemon [_thread_in_native, id=38008, stack(0x000000001a620000,0x000000001a720000)]

Stack: [0x000000001a620000,0x000000001a720000]
[error occurred during error reporting (printing stack bounds), id 0xc0000005]

Native frames: (J=compiled Java code, j=interpreted, Vv=VM code, C=native code)


Current CompileTask:
C2: 209614 13768       4       java.util.Formatter$FormatSpecifier::print (243 bytes)


---------------  P R O C E S S  ---------------

Java Threads: ( => current thread )
  0x00000000246bf800 JavaThread "ForkJoinPool.commonPool-worker-0" daemon [_thread_in_native, id=31520, stack(0x000000002bde0000,0x000000002bee0000)]
  0x000000001baa0000 JavaThread "ForkJoinPool.commonPool-worker-3" daemon [_thread_in_native, id=32040, stack(0x000000002bce0000,0x000000002bde0000)]
  0x000000001ba9f800 JavaThread "ForkJoinPool.commonPool-worker-2" daemon [_thread_in_native, id=42188, stack(0x000000002bbe0000,0x000000002bce0000)]
  0x000000001ba9e800 JavaThread "ForkJoinPool.commonPool-worker-1" daemon [_thread_in_native, id=41488, stack(0x000000002bae0000,0x000000002bbe0000)]
  0x000000001ba9c800 JavaThread "Task worker for ':' Thread 3" [_thread_blocked, id=25740, stack(0x000000002b9e0000,0x000000002bae0000)]
  0x000000001baa1800 JavaThread "Task worker for ':' Thread 2" [_thread_blocked, id=33980, stack(0x000000002b8e0000,0x000000002b9e0000)]
  0x000000001baa1000 JavaThread "Task worker for ':'" [_thread_blocked, id=44388, stack(0x000000002b7e0000,0x000000002b8e0000)]
  0x000000001ba95800 JavaThread "Cache worker for task history cache (D:\xxceshi\.gradle\4.1\taskHistory)" [_thread_blocked, id=13124, stack(0x000000002b6e0000,0x000000002b7e0000)]
  0x000000001ba96800 JavaThread "Cache worker for file content cache (D:\xxceshi\.gradle\4.1\fileContent)" [_thread_blocked, id=44960, stack(0x000000002b5e0000,0x000000002b6e0000)]
  0x000000001ba9b800 JavaThread "build operations Thread 4" [_thread_blocked, id=28228, stack(0x000000002b4e0000,0x000000002b5e0000)]
  0x000000001ba94000 JavaThread "build operations Thread 3" [_thread_blocked, id=9084, stack(0x000000002b3e0000,0x000000002b4e0000)]
  0x000000001ba93800 JavaThread "build operations Thread 2" [_thread_blocked, id=40300, stack(0x000000002b2e0000,0x000000002b3e0000)]
  0x000000001ba9a000 JavaThread "build operations" [_thread_blocked, id=26196, stack(0x000000002b1e0000,0x000000002b2e0000)]
  0x000000001ba98000 JavaThread "Cache worker for Artifact transforms cache (C:\Users\53kf\.gradle\caches\transforms-1)" [_thread_blocked, id=40664, stack(0x000000002b0e0000,0x000000002b1e0000)]
  0x0000000020b36000 JavaThread "Cache worker for file hash cache (D:\xxceshi\.gradle\4.1\fileHashes)" [_thread_blocked, id=6728, stack(0x000000002afe0000,0x000000002b0e0000)]
  0x0000000020b34000 JavaThread "Stdin handler" [_thread_blocked, id=45836, stack(0x000000002aee0000,0x000000002afe0000)]
  0x0000000020b33000 JavaThread "Asynchronous log dispatcher for DefaultDaemonConnection: socket connection from /127.0.0.1:62912 to /127.0.0.1:64056" [_thread_blocked, id=28304, stack(0x000000002ade0000,0x000000002aee0000)]
  0x0000000020b32800 JavaThread "Cancel handler" [_thread_blocked, id=27072, stack(0x000000002ace0000,0x000000002ade0000)]
  0x0000000020b31800 JavaThread "Handler for socket connection from /127.0.0.1:62912 to /127.0.0.1:64056" [_thread_in_native, id=21872, stack(0x000000002abe0000,0x000000002ace0000)]
  0x0000000020b34800 JavaThread "Daemon worker Thread 2" [_thread_blocked, id=34032, stack(0x0000000028860000,0x0000000028960000)]
  0x0000000020b31000 JavaThread "Daemon Thread 2" [_thread_blocked, id=25828, stack(0x0000000028560000,0x0000000028660000)]
  0x000000001ba97000 JavaThread "Memory manager" [_thread_blocked, id=23156, stack(0x0000000023590000,0x0000000023690000)]
  0x000000001ba98800 JavaThread "pool-1-thread-1" [_thread_blocked, id=26780, stack(0x0000000023290000,0x0000000023390000)]
  0x000000001b7d4800 JavaThread "File lock request listener" [_thread_in_native, id=6496, stack(0x000000001d680000,0x000000001d780000)]
  0x000000001b7db800 JavaThread "Cache worker for file hash cache (C:\Users\53kf\.gradle\caches\4.1\fileHashes)" [_thread_blocked, id=28684, stack(0x000000001d380000,0x000000001d480000)]
  0x000000001bb0e000 JavaThread "Daemon periodic checks" [_thread_blocked, id=39624, stack(0x000000001ca80000,0x000000001cb80000)]
  0x000000001bb0d000 JavaThread "Incoming local TCP Connector on port 62912" [_thread_in_native, id=31276, stack(0x000000001c5f0000,0x000000001c6f0000)]
  0x000000001a07a000 JavaThread "Service Thread" daemon [_thread_blocked, id=29740, stack(0x000000001a920000,0x000000001aa20000)]
  0x000000001a075800 JavaThread "C1 CompilerThread2" daemon [_thread_in_vm, id=23168, stack(0x000000001a820000,0x000000001a920000)]
  0x0000000018cfa800 JavaThread "C2 CompilerThread1" daemon [_thread_in_native, id=36132, stack(0x000000001a720000,0x000000001a820000)]
=>0x0000000018cf8000 JavaThread "C2 CompilerThread0" daemon [_thread_in_native, id=38008, stack(0x000000001a620000,0x000000001a720000)]
  0x0000000018cf7000 JavaThread "Attach Listener" daemon [_thread_blocked, id=26084, stack(0x000000001a520000,0x000000001a620000)]
  0x0000000018cac800 JavaThread "Signal Dispatcher" daemon [_thread_blocked, id=32244, stack(0x000000001a420000,0x000000001a520000)]
  0x0000000018c88800 JavaThread "Finalizer" daemon [_thread_blocked, id=40800, stack(0x0000000019f20000,0x000000001a020000)]
  0x0000000018c67000 JavaThread "Reference Handler" daemon [_thread_blocked, id=43276, stack(0x0000000019e20000,0x0000000019f20000)]
  0x0000000005230800 JavaThread "main" [_thread_blocked, id=25092, stack(0x0000000005030000,0x0000000005130000)]

Other Threads:
  0x0000000018c65800 VMThread [stack: 0x0000000019d20000,0x0000000019e20000] [id=11096]
  0x000000001a07b800 WatcherThread [stack: 0x000000001aa20000,0x000000001ab20000] [id=39108]

VM state:not at safepoint (normal execution)

VM Mutex/Monitor currently owned by a thread: None

Heap:
 PSYoungGen      total 219136K, used 44438K [0x00000000e0000000, 0x00000000ef000000, 0x0000000100000000)
  eden space 192512K, 17% used [0x00000000e0000000,0x00000000e20f2458,0x00000000ebc00000)
  from space 26624K, 40% used [0x00000000ebc00000,0x00000000ec6733b8,0x00000000ed600000)
  to   space 20992K, 0% used [0x00000000ed600000,0x00000000ed600000,0x00000000eea80000)
 ParOldGen       total 202752K, used 61902K [0x00000000a0000000, 0x00000000ac600000, 0x00000000e0000000)
  object space 202752K, 30% used [0x00000000a0000000,0x00000000a3c73b48,0x00000000ac600000)
 Metaspace       used 69459K, capacity 73290K, committed 73560K, reserved 1112064K
  class space    used 9063K, capacity 10010K, committed 10112K, reserved 1048576K

Card table byte_map: [0x00000000146f0000,0x0000000014a00000] byte_map_base: 0x00000000141f0000

Marking Bits: (ParMarkBitMap*) 0x00000000640ff8f0
 Begin Bits: [0x0000000015000000, 0x0000000016800000)
 End Bits:   [0x0000000016800000, 0x0000000018000000)

Polling page: 0x0000000003220000

CodeCache: size=245760Kb used=38597Kb max_used=38597Kb free=207162Kb
 bounds [0x0000000005330000, 0x0000000007920000, 0x0000000014330000]
 total_blobs=12058 nmethods=11267 adapters=703
 compilation: enabled

Compilation events (10 events):
Event: 209.534 Thread 0x000000001a075800 nmethod 13763 0x000000000790fb90 code [0x000000000790fd00, 0x000000000790fea8]
Event: 209.535 Thread 0x000000001a075800 13764       3       java.nio.channels.FileLock::<init> (79 bytes)
Event: 209.535 Thread 0x000000001a075800 nmethod 13764 0x00000000079127d0 code [0x0000000007912980, 0x0000000007912e68]
Event: 209.546 Thread 0x000000001a075800 13765       3       com.google.common.io.Closer::register (16 bytes)
Event: 209.547 Thread 0x000000001a075800 nmethod 13765 0x0000000007913090 code [0x0000000007913200, 0x0000000007913468]
Event: 209.547 Thread 0x000000001a075800 13766   !   3       com.google.common.io.Closer::close (92 bytes)
Event: 209.547 Thread 0x000000001a075800 nmethod 13766 0x0000000007913550 code [0x0000000007913740, 0x0000000007913f58]
Event: 209.548 Thread 0x000000001a075800 13767   !   3       com.android.utils.FileUtils::isSameFile (48 bytes)
Event: 209.550 Thread 0x000000001a075800 nmethod 13767 0x0000000007914290 code [0x00000000079145c0, 0x0000000007915ee8]
Event: 209.565 Thread 0x0000000018cf8000 13768       4       java.util.Formatter$FormatSpecifier::print (243 bytes)

GC Heap History (10 events):
Event: 42.859 GC heap before
{Heap before GC invocations=16 (full 3):
 PSYoungGen      total 168448K, used 145920K [0x00000000e0000000, 0x00000000ec900000, 0x0000000100000000)
  eden space 145920K, 100% used [0x00000000e0000000,0x00000000e8e80000,0x00000000e8e80000)
  from space 22528K, 0% used [0x00000000ea400000,0x00000000ea400000,0x00000000eba00000)
  to   space 22016K, 0% used [0x00000000e8e80000,0x00000000e8e80000,0x00000000ea400000)
 ParOldGen       total 202752K, used 42489K [0x00000000a0000000, 0x00000000ac600000, 0x00000000e0000000)
  object space 202752K, 20% used [0x00000000a0000000,0x00000000a297e5e0,0x00000000ac600000)
 Metaspace       used 62078K, capacity 64854K, committed 64984K, reserved 1105920K
  class space    used 8222K, capacity 8928K, committed 8960K, reserved 1048576K
Event: 42.877 GC heap after
Heap after GC invocations=16 (full 3):
 PSYoungGen      total 167936K, used 10774K [0x00000000e0000000, 0x00000000eea80000, 0x0000000100000000)
  eden space 145920K, 0% used [0x00000000e0000000,0x00000000e0000000,0x00000000e8e80000)
  from space 22016K, 48% used [0x00000000e8e80000,0x00000000e9905a38,0x00000000ea400000)
  to   space 20992K, 0% used [0x00000000ed600000,0x00000000ed600000,0x00000000eea80000)
 ParOldGen       total 202752K, used 42497K [0x00000000a0000000, 0x00000000ac600000, 0x00000000e0000000)
  object space 202752K, 20% used [0x00000000a0000000,0x00000000a29805e0,0x00000000ac600000)
 Metaspace       used 62078K, capacity 64854K, committed 64984K, reserved 1105920K
  class space    used 8222K, capacity 8928K, committed 8960K, reserved 1048576K
}
Event: 64.982 GC heap before
{Heap before GC invocations=17 (full 3):
 PSYoungGen      total 167936K, used 156694K [0x00000000e0000000, 0x00000000eea80000, 0x0000000100000000)
  eden space 145920K, 100% used [0x00000000e0000000,0x00000000e8e80000,0x00000000e8e80000)
  from space 22016K, 48% used [0x00000000e8e80000,0x00000000e9905a38,0x00000000ea400000)
  to   space 20992K, 0% used [0x00000000ed600000,0x00000000ed600000,0x00000000eea80000)
 ParOldGen       total 202752K, used 42497K [0x00000000a0000000, 0x00000000ac600000, 0x00000000e0000000)
  object space 202752K, 20% used [0x00000000a0000000,0x00000000a29805e0,0x00000000ac600000)
 Metaspace       used 64692K, capacity 67484K, committed 67672K, reserved 1107968K
  class space    used 8516K, capacity 9217K, committed 9344K, reserved 1048576K
Event: 65.024 GC heap after
Heap after GC invocations=17 (full 3):
 PSYoungGen      total 213504K, used 20966K [0x00000000e0000000, 0x00000000ef000000, 0x0000000100000000)
  eden space 192512K, 0% used [0x00000000e0000000,0x00000000e0000000,0x00000000ebc00000)
  from space 20992K, 99% used [0x00000000ed600000,0x00000000eea79b78,0x00000000eea80000)
  to   space 26624K, 0% used [0x00000000ebc00000,0x00000000ebc00000,0x00000000ed600000)
 ParOldGen       total 202752K, used 51046K [0x00000000a0000000, 0x00000000ac600000, 0x00000000e0000000)
  object space 202752K, 25% used [0x00000000a0000000,0x00000000a31d9950,0x00000000ac600000)
 Metaspace       used 64692K, capacity 67484K, committed 67672K, reserved 1107968K
  class space    used 8516K, capacity 9217K, committed 9344K, reserved 1048576K
}
Event: 159.325 GC heap before
{Heap before GC invocations=18 (full 3):
 PSYoungGen      total 213504K, used 213478K [0x00000000e0000000, 0x00000000ef000000, 0x0000000100000000)
  eden space 192512K, 100% used [0x00000000e0000000,0x00000000ebc00000,0x00000000ebc00000)
  from space 20992K, 99% used [0x00000000ed600000,0x00000000eea79b78,0x00000000eea80000)
  to   space 26624K, 0% used [0x00000000ebc00000,0x00000000ebc00000,0x00000000ed600000)
 ParOldGen       total 202752K, used 51046K [0x00000000a0000000, 0x00000000ac600000, 0x00000000e0000000)
  object space 202752K, 25% used [0x00000000a0000000,0x00000000a31d9950,0x00000000ac600000)
 Metaspace       used 67548K, capacity 70678K, committed 70872K, reserved 1110016K
  class space    used 8841K, capacity 9670K, committed 9728K, reserved 1048576K
Event: 159.376 GC heap after
Heap after GC invocations=18 (full 3):
 PSYoungGen      total 219136K, used 6829K [0x00000000e0000000, 0x00000000ef000000, 0x0000000100000000)
  eden space 192512K, 0% used [0x00000000e0000000,0x00000000e0000000,0x00000000ebc00000)
  from space 26624K, 25% used [0x00000000ebc00000,0x00000000ec2ab600,0x00000000ed600000)
  to   space 20992K, 0% used [0x00000000ed600000,0x00000000ed600000,0x00000000eea80000)
 ParOldGen       total 202752K, used 61886K [0x00000000a0000000, 0x00000000ac600000, 0x00000000e0000000)
  object space 202752K, 30% used [0x00000000a0000000,0x00000000a3c6fb48,0x00000000ac600000)
 Metaspace       used 67548K, capacity 70678K, committed 70872K, reserved 1110016K
  class space    used 8841K, capacity 9670K, committed 9728K, reserved 1048576K
}
Event: 180.775 GC heap before
{Heap before GC invocations=19 (full 3):
 PSYoungGen      total 219136K, used 199341K [0x00000000e0000000, 0x00000000ef000000, 0x0000000100000000)
  eden space 192512K, 100% used [0x00000000e0000000,0x00000000ebc00000,0x00000000ebc00000)
  from space 26624K, 25% used [0x00000000ebc00000,0x00000000ec2ab600,0x00000000ed600000)
  to   space 20992K, 0% used [0x00000000ed600000,0x00000000ed600000,0x00000000eea80000)
 ParOldGen       total 202752K, used 61886K [0x00000000a0000000, 0x00000000ac600000, 0x00000000e0000000)
  object space 202752K, 30% used [0x00000000a0000000,0x00000000a3c6fb48,0x00000000ac600000)
 Metaspace       used 68013K, capacity 71410K, committed 71768K, reserved 1112064K
  class space    used 8872K, capacity 9746K, committed 9856K, reserved 1048576K
Event: 180.820 GC heap after
Heap after GC invocations=19 (full 3):
 PSYoungGen      total 213504K, used 14142K [0x00000000e0000000, 0x00000000ef000000, 0x0000000100000000)
  eden space 192512K, 0% used [0x00000000e0000000,0x00000000e0000000,0x00000000ebc00000)
  from space 20992K, 67% used [0x00000000ed600000,0x00000000ee3cfaf8,0x00000000eea80000)
  to   space 26624K, 0% used [0x00000000ebc00000,0x00000000ebc00000,0x00000000ed600000)
 ParOldGen       total 202752K, used 61894K [0x00000000a0000000, 0x00000000ac600000, 0x00000000e0000000)
  object space 202752K, 30% used [0x00000000a0000000,0x00000000a3c71b48,0x00000000ac600000)
 Metaspace       used 68013K, capacity 71410K, committed 71768K, reserved 1112064K
  class space    used 8872K, capacity 9746K, committed 9856K, reserved 1048576K
}
Event: 209.217 GC heap before
{Heap before GC invocations=20 (full 3):
 PSYoungGen      total 213504K, used 206654K [0x00000000e0000000, 0x00000000ef000000, 0x0000000100000000)
  eden space 192512K, 100% used [0x00000000e0000000,0x00000000ebc00000,0x00000000ebc00000)
  from space 20992K, 67% used [0x00000000ed600000,0x00000000ee3cfaf8,0x00000000eea80000)
  to   space 26624K, 0% used [0x00000000ebc00000,0x00000000ebc00000,0x00000000ed600000)
 ParOldGen       total 202752K, used 61894K [0x00000000a0000000, 0x00000000ac600000, 0x00000000e0000000)
  object space 202752K, 30% used [0x00000000a0000000,0x00000000a3c71b48,0x00000000ac600000)
 Metaspace       used 69375K, capacity 73234K, committed 73560K, reserved 1112064K
  class space    used 9053K, capacity 10000K, committed 10112K, reserved 1048576K
Event: 209.256 GC heap after
Heap after GC invocations=20 (full 3):
 PSYoungGen      total 219136K, used 10700K [0x00000000e0000000, 0x00000000ef000000, 0x0000000100000000)
  eden space 192512K, 0% used [0x00000000e0000000,0x00000000e0000000,0x00000000ebc00000)
  from space 26624K, 40% used [0x00000000ebc00000,0x00000000ec6733b8,0x00000000ed600000)
  to   space 20992K, 0% used [0x00000000ed600000,0x00000000ed600000,0x00000000eea80000)
 ParOldGen       total 202752K, used 61902K [0x00000000a0000000, 0x00000000ac600000, 0x00000000e0000000)
  object space 202752K, 30% used [0x00000000a0000000,0x00000000a3c73b48,0x00000000ac600000)
 Metaspace       used 69375K, capacity 73234K, committed 73560K, reserved 1112064K
  class space    used 9053K, capacity 10000K, committed 10112K, reserved 1048576K
}

Deoptimization events (10 events):
Event: 208.863 Thread 0x000000001baa0000 Uncommon trap: reason=class_check action=maybe_recompile pc=0x0000000005b6bb78 method=java.util.zip.InflaterInputStream.read([BII)I @ 100
Event: 208.863 Thread 0x000000001baa0000 Uncommon trap: reason=bimorphic action=maybe_recompile pc=0x00000000070fd2d8 method=java.io.FilterInputStream.read([B)I @ 5
Event: 208.864 Thread 0x000000001baa0000 Uncommon trap: reason=class_check action=maybe_recompile pc=0x0000000005b6bb78 method=java.util.zip.InflaterInputStream.read([BII)I @ 100
Event: 208.960 Thread 0x000000001ba9e800 Uncommon trap: reason=class_check action=maybe_recompile pc=0x000000000787a144 method=com.android.apkzlib.zip.ZipField.checkVerifiesInvariants(J)V @ 25
Event: 209.192 Thread 0x000000001ba9f800 Uncommon trap: reason=array_check action=maybe_recompile pc=0x000000000609a940 method=com.google.common.collect.RegularImmutableMap.fromEntryArray(I[Ljava/util/Map$Entry;)Lcom/google/common/collect/RegularImmutableMap; @ 189
Event: 209.192 Thread 0x000000001ba9f800 Uncommon trap: reason=array_check action=maybe_recompile pc=0x000000000609a940 method=com.google.common.collect.RegularImmutableMap.fromEntryArray(I[Ljava/util/Map$Entry;)Lcom/google/common/collect/RegularImmutableMap; @ 189
Event: 209.262 Thread 0x000000001baa0000 Uncommon trap: reason=class_check action=maybe_recompile pc=0x000000000787a144 method=com.android.apkzlib.zip.ZipField.checkVerifiesInvariants(J)V @ 25
Event: 209.297 Thread 0x000000001ba9f800 Uncommon trap: reason=unstable_if action=reinterpret pc=0x0000000005ef56f8 method=sun.nio.fs.WindowsPathParser.isSlash(C)Z @ 9
Event: 209.326 Thread 0x00000000246bf800 Uncommon trap: reason=class_check action=maybe_recompile pc=0x000000000787a144 method=com.android.apkzlib.zip.ZipField.checkVerifiesInvariants(J)V @ 25
Event: 209.356 Thread 0x000000001ba9e800 Uncommon trap: reason=class_check action=maybe_recompile pc=0x0000000007868550 method=com.android.apkzlib.zip.ZipField.checkVerifiesInvariants(J)V @ 25

Internal exceptions (10 events):
Event: 209.258 Thread 0x00000000246bf800 Exception <a 'sun/nio/fs/WindowsException'> (0x00000000e0029ae0) thrown at [D:\src\AOSP-openjdk-cygwin\jdk8u\hotspot\src\share\vm\prims\jni.cpp, line 709]
Event: 209.259 Thread 0x000000001ba9e800 Exception <a 'sun/nio/fs/WindowsException'> (0x00000000e00002f0) thrown at [D:\src\AOSP-openjdk-cygwin\jdk8u\hotspot\src\share\vm\prims\jni.cpp, line 709]
Event: 209.416 Thread 0x00000000246bf800 Exception <a 'sun/nio/fs/WindowsException'> (0x00000000e17a0da8) thrown at [D:\src\AOSP-openjdk-cygwin\jdk8u\hotspot\src\share\vm\prims\jni.cpp, line 709]
Event: 209.441 Thread 0x00000000246bf800 Exception <a 'sun/nio/fs/WindowsException'> (0x00000000e17a13a8) thrown at [D:\src\AOSP-openjdk-cygwin\jdk8u\hotspot\src\share\vm\prims\jni.cpp, line 709]
Event: 209.488 Thread 0x000000001ba9e800 Exception <a 'sun/nio/fs/WindowsException'> (0x00000000e1dd44c8) thrown at [D:\src\AOSP-openjdk-cygwin\jdk8u\hotspot\src\share\vm\prims\jni.cpp, line 709]
Event: 209.494 Thread 0x000000001ba9f800 Exception <a 'java/lang/OutOfMemoryError'> (0x00000000e20267d0) thrown at [D:\src\AOSP-openjdk-cygwin\jdk8u\hotspot\src\share\vm\prims\jni.cpp, line 735]
Event: 209.494 Thread 0x00000000246bf800 Exception <a 'java/lang/OutOfMemoryError'> (0x00000000e20a4eb8) thrown at [D:\src\AOSP-openjdk-cygwin\jdk8u\hotspot\src\share\vm\prims\jni.cpp, line 735]
Event: 209.523 Thread 0x000000001baa0000 Exception <a 'sun/nio/fs/WindowsException'> (0x00000000e20c12b0) thrown at [D:\src\AOSP-openjdk-cygwin\jdk8u\hotspot\src\share\vm\prims\jni.cpp, line 709]
Event: 209.541 Thread 0x000000001ba9e800 Exception <a 'sun/nio/fs/WindowsException'> (0x00000000e1dd4ac8) thrown at [D:\src\AOSP-openjdk-cygwin\jdk8u\hotspot\src\share\vm\prims\jni.cpp, line 709]
Event: 209.553 Thread 0x00000000246bf800 Exception <a 'sun/nio/fs/WindowsException'> (0x00000000e20e3888) thrown at [D:\src\AOSP-openjdk-cygwin\jdk8u\hotspot\src\share\vm\prims\jni.cpp, line 709]

Events (10 events):
Event: 209.495 loading class com/android/apkzlib/zip/Eocd
Event: 209.495 loading class com/android/apkzlib/zip/Eocd done
Event: 209.495 loading class com/android/apkzlib/zip/ZFileExtension
Event: 209.495 loading class com/android/apkzlib/zip/ZFileExtension done
Event: 209.495 loading class com/android/apkzlib/utils/IOExceptionFunction
Event: 209.495 loading class com/android/apkzlib/utils/IOExceptionFunction done
Event: 209.498 loading class com/android/apkzlib/zip/ZFileExtension
Event: 209.498 loading class com/android/apkzlib/zip/ZFileExtension done
Event: 209.498 loading class com/android/apkzlib/utils/IOExceptionFunction
Event: 209.498 loading class com/android/apkzlib/utils/IOExceptionFunction done


Dynamic libraries:
0x00007ff7514e0000 - 0x00007ff751511000 	D:\androidone\android-studio\jre\bin\java.exe
0x00007ffca5ee0000 - 0x00007ffca60c0000 	C:\WINDOWS\SYSTEM32\ntdll.dll
0x00007ffca4f40000 - 0x00007ffca4fee000 	C:\WINDOWS\System32\KERNEL32.DLL
0x00007ffca26f0000 - 0x00007ffca2956000 	C:\WINDOWS\System32\KERNELBASE.dll
0x00007ffca33b0000 - 0x00007ffca3451000 	C:\WINDOWS\System32\ADVAPI32.dll
0x00007ffca48c0000 - 0x00007ffca495d000 	C:\WINDOWS\System32\msvcrt.dll
0x00007ffca5e50000 - 0x00007ffca5eab000 	C:\WINDOWS\System32\sechost.dll
0x00007ffca5ba0000 - 0x00007ffca5cbf000 	C:\WINDOWS\System32\RPCRT4.dll
0x00007ffca5cc0000 - 0x00007ffca5e4e000 	C:\WINDOWS\System32\USER32.dll
0x00007ffca2960000 - 0x00007ffca2980000 	C:\WINDOWS\System32\win32u.dll
0x00007ffca5590000 - 0x00007ffca55b8000 	C:\WINDOWS\System32\GDI32.dll
0x00007ffca2550000 - 0x00007ffca26e1000 	C:\WINDOWS\System32\gdi32full.dll
0x00007ffca22e0000 - 0x00007ffca237b000 	C:\WINDOWS\System32\msvcp_win.dll
0x00007ffca2a00000 - 0x00007ffca2af6000 	C:\WINDOWS\System32\ucrtbase.dll
0x00007ffc90610000 - 0x00007ffc90879000 	C:\WINDOWS\WinSxS\amd64_microsoft.windows.common-controls_6595b64144ccf1df_6.0.16299.15_none_cc92fb402215d91d\COMCTL32.dll
0x00007ffca4bd0000 - 0x00007ffca4ed8000 	C:\WINDOWS\System32\combase.dll
0x00007ffca2980000 - 0x00007ffca29f2000 	C:\WINDOWS\System32\bcryptPrimitives.dll
0x00007ffca5b70000 - 0x00007ffca5b9d000 	C:\WINDOWS\System32\IMM32.DLL
0x0000000064670000 - 0x0000000064742000 	D:\androidone\android-studio\jre\jre\bin\msvcr100.dll
0x0000000063940000 - 0x000000006417a000 	D:\androidone\android-studio\jre\jre\bin\server\jvm.dll
0x00007ffca5410000 - 0x00007ffca5418000 	C:\WINDOWS\System32\PSAPI.DLL
0x00007ffc92170000 - 0x00007ffc92179000 	C:\WINDOWS\SYSTEM32\WSOCK32.dll
0x00007ffca5100000 - 0x00007ffca516c000 	C:\WINDOWS\System32\WS2_32.dll
0x00007ffc9eba0000 - 0x00007ffc9ebc3000 	C:\WINDOWS\SYSTEM32\WINMM.dll
0x00007ffca1040000 - 0x00007ffca104a000 	C:\WINDOWS\SYSTEM32\VERSION.dll
0x00007ffc9eb40000 - 0x00007ffc9eb6a000 	C:\WINDOWS\SYSTEM32\WINMMBASE.dll
0x00007ffca32b0000 - 0x00007ffca32fa000 	C:\WINDOWS\System32\cfgmgr32.dll
0x00007ffca1010000 - 0x00007ffca101f000 	D:\androidone\android-studio\jre\jre\bin\verify.dll
0x00007ffc89780000 - 0x00007ffc897a9000 	D:\androidone\android-studio\jre\jre\bin\java.dll
0x00007ffca0ff0000 - 0x00007ffca1006000 	D:\androidone\android-studio\jre\jre\bin\zip.dll
0x00007ffca3460000 - 0x00007ffca4897000 	C:\WINDOWS\System32\SHELL32.dll
0x00007ffca55d0000 - 0x00007ffca5676000 	C:\WINDOWS\System32\shcore.dll
0x00007ffca2b60000 - 0x00007ffca32a7000 	C:\WINDOWS\System32\windows.storage.dll
0x00007ffca4b10000 - 0x00007ffca4b61000 	C:\WINDOWS\System32\shlwapi.dll
0x00007ffca22a0000 - 0x00007ffca22b1000 	C:\WINDOWS\System32\kernel.appcore.dll
0x00007ffca2250000 - 0x00007ffca229c000 	C:\WINDOWS\System32\powrprof.dll
0x00007ffca2230000 - 0x00007ffca224b000 	C:\WINDOWS\System32\profapi.dll
0x00007ffc9cd60000 - 0x00007ffc9cd7a000 	D:\androidone\android-studio\jre\jre\bin\net.dll
0x00007ffca1ac0000 - 0x00007ffca1b26000 	C:\WINDOWS\system32\mswsock.dll
0x00007ffc8f6b0000 - 0x00007ffc8f6c1000 	D:\androidone\android-studio\jre\jre\bin\nio.dll
0x00007ffc876b0000 - 0x00007ffc876ce000 	C:\Users\53kf\.gradle\native\25\windows-amd64\native-platform.dll
0x00007ffc9d8c0000 - 0x00007ffc9d8cd000 	D:\androidone\android-studio\jre\jre\bin\management.dll
0x00007ffca1c90000 - 0x00007ffca1ca7000 	C:\WINDOWS\SYSTEM32\CRYPTSP.dll
0x00007ffca16d0000 - 0x00007ffca1703000 	C:\WINDOWS\system32\rsaenh.dll
0x00007ffca1d90000 - 0x00007ffca1db5000 	C:\WINDOWS\SYSTEM32\bcrypt.dll
0x00007ffca2160000 - 0x00007ffca2189000 	C:\WINDOWS\SYSTEM32\USERENV.dll
0x00007ffca1c80000 - 0x00007ffca1c8b000 	C:\WINDOWS\SYSTEM32\CRYPTBASE.dll
0x00007ffca1850000 - 0x00007ffca1889000 	C:\WINDOWS\SYSTEM32\IPHLPAPI.DLL
0x00007ffca4960000 - 0x00007ffca4968000 	C:\WINDOWS\System32\NSI.dll
0x00007ffc99df0000 - 0x00007ffc99e06000 	C:\WINDOWS\SYSTEM32\dhcpcsvc6.DLL
0x00007ffc98070000 - 0x00007ffc9808a000 	C:\WINDOWS\SYSTEM32\dhcpcsvc.DLL
0x0000000064940000 - 0x00000000649c7000 	C:\Users\53kf\AppData\Local\Temp\aapt2_7233527717257802221.dir\libwinpthread-1.dll
0x000000006d040000 - 0x0000000070923000 	C:\Users\53kf\AppData\Local\Temp\aapt2_7233527717257802221.dir\libaapt2_jni.dll
0x00007ffca1370000 - 0x00007ffca13a1000 	C:\WINDOWS\SYSTEM32\ntmarta.dll

VM Arguments:
jvm_args: -Xmx1536m -Dfile.encoding=GBK -Duser.country=CN -Duser.language=zh -Duser.variant 
java_command: org.gradle.launcher.daemon.bootstrap.GradleDaemon 4.1
java_class_path (initial): C:\Users\53kf\.gradle\wrapper\dists\gradle-4.1-all\bzyivzo6n839fup2jbap0tjew\gradle-4.1\lib\gradle-launcher-4.1.jar
Launcher Type: SUN_STANDARD

Environment Variables:
JAVA_HOME=D:\Java
PATH=C:\ProgramData\Oracle\Java\javapath;C:\Program Files (x86)\Intel\iCLS Client\;C:\Program Files\Intel\iCLS Client\;C:\WINDOWS\system32;C:\WINDOWS;C:\WINDOWS\System32\Wbem;C:\WINDOWS\System32\WindowsPowerShell\v1.0\;C:\Program Files (x86)\Intel\Intel(R) Management Engine Components\DAL;C:\Program Files\Intel\Intel(R) Management Engine Components\DAL;C:\Program Files (x86)\Intel\Intel(R) Management Engine Components\IPT;C:\Program Files\Intel\Intel(R) Management Engine Components\IPT;C:\Program Files (x86)\ATI Technologies\ATI.ACE\Core-Static;C:\Program Files\Intel\WiFi\bin\;C:\Program Files\Common Files\Intel\WirelessCommon\;D:\Java\jdk1.8.0_31\bin;C:\Users\53kf\adb;C:\Users\53kf\AppData\Local\Microsoft\WindowsApps;
USERNAME=53kf
OS=Windows_NT
PROCESSOR_IDENTIFIER=Intel64 Family 6 Model 61 Stepping 4, GenuineIntel



---------------  S Y S T E M  ---------------

OS: Windows 10.0 , 64 bit Build 16299 (10.0.16299.15)

CPU:total 4 (2 cores per cpu, 2 threads per core) family 6 model 61 stepping 4, cmov, cx8, fxsr, mmx, sse, sse2, sse3, ssse3, sse4.1, sse4.2, popcnt, avx, avx2, aes, clmul, erms, 3dnowpref, lzcnt, ht, tsc, tscinvbit, bmi1, bmi2, adx

Memory: 4k page, physical 12498144k(502384k free), swap 19557680k(0k free)

vm_info: OpenJDK 64-Bit Server VM (25.112-b736) for windows-amd64 JRE (1.8.0_112-release-736), built on Mar  6 2017 17:02:07 by "builder" with MS VC++ 10.0 (VS2010)

time: Fri Jan 19 15:26:55 2018
elapsed time: 209 seconds (0d 0h 3m 29s)

